Determining if the pthread_create exist failed with the following output:
Change Dir: /home/misawa/Dropbox/Program/template/git/experiment/flow/lemon-main/build/CMakeFiles/CMakeTmp

Run Build Command:"/usr/bin/make" "cmTryCompileExec3236913271/fast"
/usr/bin/make -f CMakeFiles/cmTryCompileExec3236913271.dir/build.make CMakeFiles/cmTryCompileExec3236913271.dir/build
make[1]: Entering directory '/home/misawa/Dropbox/Program/template/git/experiment/flow/lemon-main/build/CMakeFiles/CMakeTmp'
/usr/bin/cmake -E cmake_progress_report /home/misawa/Dropbox/Program/template/git/experiment/flow/lemon-main/build/CMakeFiles/CMakeTmp/CMakeFiles 1
Building C object CMakeFiles/cmTryCompileExec3236913271.dir/CheckSymbolExists.c.o
/usr/bin/cc    -o CMakeFiles/cmTryCompileExec3236913271.dir/CheckSymbolExists.c.o   -c /home/misawa/Dropbox/Program/template/git/experiment/flow/lemon-main/build/CMakeFiles/CMakeTmp/CheckSymbolExists.c
Linking C executable cmTryCompileExec3236913271
/usr/bin/cmake -E cmake_link_script CMakeFiles/cmTryCompileExec3236913271.dir/link.txt --verbose=1
/usr/bin/cc       CMakeFiles/cmTryCompileExec3236913271.dir/CheckSymbolExists.c.o  -o cmTryCompileExec3236913271 -rdynamic 
CMakeFiles/cmTryCompileExec3236913271.dir/CheckSymbolExists.c.o: 関数 `main' 内:
CheckSymbolExists.c:(.text+0x16): `pthread_create' に対する定義されていない参照です
collect2: error: ld returned 1 exit status
CMakeFiles/cmTryCompileExec3236913271.dir/build.make:88: recipe for target 'cmTryCompileExec3236913271' failed
make[1]: *** [cmTryCompileExec3236913271] Error 1
make[1]: Leaving directory '/home/misawa/Dropbox/Program/template/git/experiment/flow/lemon-main/build/CMakeFiles/CMakeTmp'
Makefile:117: recipe for target 'cmTryCompileExec3236913271/fast' failed
make: *** [cmTryCompileExec3236913271/fast] Error 2

File /home/misawa/Dropbox/Program/template/git/experiment/flow/lemon-main/build/CMakeFiles/CMakeTmp/CheckSymbolExists.c:
/* */
#include <pthread.h>

int main(int argc, char** argv)
{
  (void)argv;
#ifndef pthread_create
  return ((int*)(&pthread_create))[argc];
#else
  (void)argc;
  return 0;
#endif
}

Determining if the function pthread_create exists in the pthreads failed with the following output:
Change Dir: /home/misawa/Dropbox/Program/template/git/experiment/flow/lemon-main/build/CMakeFiles/CMakeTmp

Run Build Command:"/usr/bin/make" "cmTryCompileExec925826351/fast"
/usr/bin/make -f CMakeFiles/cmTryCompileExec925826351.dir/build.make CMakeFiles/cmTryCompileExec925826351.dir/build
make[1]: Entering directory '/home/misawa/Dropbox/Program/template/git/experiment/flow/lemon-main/build/CMakeFiles/CMakeTmp'
/usr/bin/cmake -E cmake_progress_report /home/misawa/Dropbox/Program/template/git/experiment/flow/lemon-main/build/CMakeFiles/CMakeTmp/CMakeFiles 1
Building C object CMakeFiles/cmTryCompileExec925826351.dir/CheckFunctionExists.c.o
/usr/bin/cc   -DCHECK_FUNCTION_EXISTS=pthread_create   -o CMakeFiles/cmTryCompileExec925826351.dir/CheckFunctionExists.c.o   -c /usr/share/cmake-3.2/Modules/CheckFunctionExists.c
Linking C executable cmTryCompileExec925826351
/usr/bin/cmake -E cmake_link_script CMakeFiles/cmTryCompileExec925826351.dir/link.txt --verbose=1
/usr/bin/cc   -DCHECK_FUNCTION_EXISTS=pthread_create    CMakeFiles/cmTryCompileExec925826351.dir/CheckFunctionExists.c.o  -o cmTryCompileExec925826351 -rdynamic -lpthreads 
/usr/bin/ld: -lpthreads が見つかりません
collect2: error: ld returned 1 exit status
CMakeFiles/cmTryCompileExec925826351.dir/build.make:88: recipe for target 'cmTryCompileExec925826351' failed
make[1]: *** [cmTryCompileExec925826351] Error 1
make[1]: Leaving directory '/home/misawa/Dropbox/Program/template/git/experiment/flow/lemon-main/build/CMakeFiles/CMakeTmp'
Makefile:117: recipe for target 'cmTryCompileExec925826351/fast' failed
make: *** [cmTryCompileExec925826351/fast] Error 2


